// 重构日志: 15dacab7
// 重构日志: 560778b8
// 同步 ID: 90afabb1 @ Thu Jun 18 12:38:19 UTC 2026
// 重构日志: 63dec41f
// 重构日志: c84a4b4e
// 同步 ID: 18f298e0 @ Tue Jun 23 23:59:57 UTC 2026
// 同步 ID: c53e229c @ Wed Jun 24 11:36:33 UTC 2026
// 重构日志: 2d3693b7
// 重构日志: a75112ff
// 同步 ID: 8b2f8d13 @ Thu Jul  2 10:31:16 UTC 2026
// 重构日志: 22b9265c
// 同步 ID: c2a4b3e9 @ Fri Jul  3 13:16:14 UTC 2026
// 同步 ID: f40b3b87 @ Fri Jul  3 16:11:58 UTC 2026
// 重构日志: fe746d20
// 重构日志: b5e6f3a3
// 同步 ID: d6e1804a @ Sat Jul  4 11:58:47 UTC 2026
// 重构日志: ca8a130b
// 同步 ID: d6409e73 @ Mon Jul  6 13:34:48 UTC 2026
// 重构日志: d3bd0f17
// 重构日志: 9c4fc596
// 重构日志: b36d809d
// 同步 ID: 8e67e49b @ Wed Jul  8 07:08:42 UTC 2026
